2018-12-20 09:59:00.225  INFO Nabeel-PC --- [           main] c.b.f.FserverApplication                 : Starting FserverApplication on Nabeel-PC with PID 6912 (C:\Users\AdMaxim\Desktop\demo\Fserver\target\classes started by AdMaxim in C:\Users\AdMaxim\Desktop\demo\Fserver)
2018-12-20 09:59:00.310  INFO Nabeel-PC --- [           main] c.b.f.FserverApplication                 : No active profile set, falling back to default profiles: default
2018-12-20 09:59:00.865  INFO Nabeel-PC --- [           main] ConfigServletWebServerApplicationContext : Refreshing org.springframework.boot.web.servlet.context.AnnotationConfigServletWebServerApplicationContext@1cbb87f3: startup date [Thu Dec 20 09:59:00 PKT 2018]; root of context hierarchy
2018-12-20 09:59:08.510  INFO Nabeel-PC --- [           main] o.s.b.w.e.t.TomcatWebServer              : Tomcat initialized with port(s): 9191 (http)
2018-12-20 09:59:08.570  INFO Nabeel-PC --- [           main] o.a.c.h.Http11NioProtocol                : Initializing ProtocolHandler ["http-nio-9191"]
2018-12-20 09:59:08.610  INFO Nabeel-PC --- [           main] o.a.c.c.StandardService                  : Starting service [Tomcat]
2018-12-20 09:59:08.610  INFO Nabeel-PC --- [           main] o.a.c.c.StandardEngine                   : Starting Servlet Engine: Apache Tomcat/8.5.34
2018-12-20 09:59:08.630  INFO Nabeel-PC --- [ost-startStop-1] o.a.c.c.AprLifecycleListener             : The APR based Apache Tomcat Native library which allows optimal performance in production environments was not found on the java.library.path: [C:\Program Files\Java\jdk1.8.0_92\bin;C:\Windows\Sun\Java\bin;C:\Windows\system32;C:\Windows;C:\ProgramData\Oracle\Java\javapath;C:\Windows\system32;C:\Windows;C:\Windows\System32\Wbem;C:\Windows\System32\WindowsPowerShell\v1.0\;C:\Program Files\TortoiseSVN\bin;C:\Program Files\apache-maven-3.5.2\bin;C:\Program Files\nodejs\;C:\Program Files\MongoDB\Server\3.6\bin;C:\Program Files (x86)\Microsoft VS Code\bin;G:\kafka\zookeeper-3.4.13\bin;G:\elk\elasticsearch-6.5.1\bin;C:\Program Files (x86)\Microsoft VS Code\bin;C:\Users\AdMaxim\AppData\Roaming\npm;C:\Program Files\Heroku\bin;C:\Users\AdMaxim\AppData\Local\GitHubDesktop\bin;.]
2018-12-20 09:59:09.337  INFO Nabeel-PC --- [ost-startStop-1] o.a.c.c.C.[.[.[/api]                     : Initializing Spring embedded WebApplicationContext
2018-12-20 09:59:09.337  INFO Nabeel-PC --- [ost-startStop-1] o.s.w.c.ContextLoader                    : Root WebApplicationContext: initialization completed in 8551 ms
2018-12-20 09:59:09.651  INFO Nabeel-PC --- [ost-startStop-1] o.s.b.w.s.ServletRegistrationBean        : Servlet dispatcherServlet mapped to [/]
2018-12-20 09:59:09.661  INFO Nabeel-PC --- [ost-startStop-1] o.s.b.w.s.FilterRegistrationBean         : Mapping filter: 'characterEncodingFilter' to: [/*]
2018-12-20 09:59:09.663  INFO Nabeel-PC --- [ost-startStop-1] o.s.b.w.s.FilterRegistrationBean         : Mapping filter: 'hiddenHttpMethodFilter' to: [/*]
2018-12-20 09:59:09.663  INFO Nabeel-PC --- [ost-startStop-1] o.s.b.w.s.FilterRegistrationBean         : Mapping filter: 'httpPutFormContentFilter' to: [/*]
2018-12-20 09:59:09.664  INFO Nabeel-PC --- [ost-startStop-1] o.s.b.w.s.FilterRegistrationBean         : Mapping filter: 'requestContextFilter' to: [/*]
2018-12-20 09:59:10.078  INFO Nabeel-PC --- [           main] o.s.w.s.h.SimpleUrlHandlerMapping        : Mapped URL path [/**/favicon.ico] onto handler of type [class org.springframework.web.servlet.resource.ResourceHttpRequestHandler]
2018-12-20 09:59:11.541  INFO Nabeel-PC --- [           main] s.w.s.m.m.a.RequestMappingHandlerAdapter : Looking for @ControllerAdvice: org.springframework.boot.web.servlet.context.AnnotationConfigServletWebServerApplicationContext@1cbb87f3: startup date [Thu Dec 20 09:59:00 PKT 2018]; root of context hierarchy
2018-12-20 09:59:11.830  INFO Nabeel-PC --- [           main] s.w.s.m.m.a.RequestMappingHandlerMapping : Mapped "{[/filestore/{bucket-uuid}/appsport.com/multipleFileUploadWithBase64Object/{folder}],methods=[POST]}" onto public java.lang.String com.ballistic.fserver.rest.FileRestController.multipleFileUploadWithBase64Object(java.lang.String,java.lang.String,java.util.Set<com.ballistic.fserver.model.bean.Base64File>)
2018-12-20 09:59:11.837  INFO Nabeel-PC --- [           main] s.w.s.m.m.a.RequestMappingHandlerMapping : Mapped "{[/filestore/{bucket-uuid}/appsport.com/listOfBase64ObjectsWithSingleFile/{folder}],methods=[POST]}" onto public java.lang.String com.ballistic.fserver.rest.FileRestController.listOfBase64ObjectsWithSingleFile(java.lang.String,java.lang.String,com.ballistic.fserver.model.bean.Base64FileWithObject)
2018-12-20 09:59:11.839  INFO Nabeel-PC --- [           main] s.w.s.m.m.a.RequestMappingHandlerMapping : Mapped "{[/filestore/{bucket-uuid}/appsport.com/listOfBase64ObjectsWithMultipleFiles/{folder}],methods=[POST]}" onto public java.lang.String com.ballistic.fserver.rest.FileRestController.listOfBase64ObjectsWithMultipleFiles(java.lang.String,java.lang.String,java.util.Set<com.ballistic.fserver.model.bean.Base64FileWithObject>)
2018-12-20 09:59:11.843  INFO Nabeel-PC --- [           main] s.w.s.m.m.a.RequestMappingHandlerMapping : Mapped "{[/filestore/{bucket-uuid}/appsport.com/multipleFileUpload/{folder}],methods=[POST],produces=[application/json]}" onto public java.lang.String com.ballistic.fserver.rest.FileRestController.multipleFileUpload(java.lang.String,java.lang.String,java.util.Set<org.springframework.web.multipart.MultipartFile>)
2018-12-20 09:59:11.845  INFO Nabeel-PC --- [           main] s.w.s.m.m.a.RequestMappingHandlerMapping : Mapped "{[/filestore/{bucket-uuid}/appsport.com/singleFileUploadWithObject/{folder}],methods=[POST]}" onto public java.lang.String com.ballistic.fserver.rest.FileRestController.singleFileUploadWithObject(java.lang.String,java.lang.String,com.ballistic.fserver.model.bean.FileWithObject)
2018-12-20 09:59:11.847  INFO Nabeel-PC --- [           main] s.w.s.m.m.a.RequestMappingHandlerMapping : Mapped "{[/filestore/{bucket-uuid}/appsport.com/multipleFilesUploadWithObject/{folder}],methods=[POST]}" onto public java.lang.String com.ballistic.fserver.rest.FileRestController.multipleFileUploadWithObject(java.lang.String,java.lang.String,com.ballistic.fserver.model.bean.FileWithObject)
2018-12-20 09:59:11.849  INFO Nabeel-PC --- [           main] s.w.s.m.m.a.RequestMappingHandlerMapping : Mapped "{[/filestore/{bucket-uuid}/appsport.com/filesUploadsWithObject/{folder}],methods=[POST]}" onto public java.lang.String com.ballistic.fserver.rest.FileRestController.filesUploadsWithObject(java.lang.String,java.lang.String,com.ballistic.fserver.model.bean.FileWithObject)
2018-12-20 09:59:11.851  INFO Nabeel-PC --- [           main] s.w.s.m.m.a.RequestMappingHandlerMapping : Mapped "{[/filestore/{bucket-uuid}/appsport.com/listOfObjectsWithSingleFile/{folder}],methods=[POST]}" onto public java.lang.String com.ballistic.fserver.rest.FileRestController.listOfObjectsWithSingleFile(java.lang.String,java.lang.String,java.util.Set<com.ballistic.fserver.model.bean.FileWithObject>)
2018-12-20 09:59:11.853  INFO Nabeel-PC --- [           main] s.w.s.m.m.a.RequestMappingHandlerMapping : Mapped "{[/filestore/{bucket-uuid}/appsport.com/listOfObjectsWithMultipleFiles/{folder}],methods=[POST]}" onto public java.lang.String com.ballistic.fserver.rest.FileRestController.listOfObjectsWithMultipleFiles(java.lang.String,java.lang.String,java.util.Set<com.ballistic.fserver.model.bean.FileWithObject>)
2018-12-20 09:59:11.855  INFO Nabeel-PC --- [           main] s.w.s.m.m.a.RequestMappingHandlerMapping : Mapped "{[/filestore/{bucket-uuid}/appsport.com/listOfObjectsWithFiles/{folder}],methods=[POST]}" onto public java.lang.String com.ballistic.fserver.rest.FileRestController.listOfObjectsWithFiles(java.lang.String,java.lang.String,java.util.Set<com.ballistic.fserver.model.bean.FileWithObject>)
2018-12-20 09:59:11.856  INFO Nabeel-PC --- [           main] s.w.s.m.m.a.RequestMappingHandlerMapping : Mapped "{[/filestore/{bucket-uuid}/appsport.com/singleFileUploadWithBase64Object/{folder}],methods=[POST]}" onto public java.lang.String com.ballistic.fserver.rest.FileRestController.singleFileUploadWithBase64Object(java.lang.String,java.lang.String,com.ballistic.fserver.model.bean.Base64File)
2018-12-20 09:59:11.859  INFO Nabeel-PC --- [           main] s.w.s.m.m.a.RequestMappingHandlerMapping : Mapped "{[/filestore/{bucket-uuid}/appsport.com/filesUploadsWithBase64Object/{folder}],methods=[POST]}" onto public java.lang.String com.ballistic.fserver.rest.FileRestController.filesUploadsWithBase64Object(java.lang.String,java.lang.String,com.ballistic.fserver.model.bean.Base64FileWithObject)
2018-12-20 09:59:11.860  INFO Nabeel-PC --- [           main] s.w.s.m.m.a.RequestMappingHandlerMapping : Mapped "{[/filestore/{bucket-uuid}/appsport.com/singleFileUpload/{folder}],methods=[POST],produces=[application/json]}" onto public java.lang.String com.ballistic.fserver.rest.FileRestController.singleFileUpload(java.lang.String,java.lang.String,org.springframework.web.multipart.MultipartFile)
2018-12-20 09:59:11.862  INFO Nabeel-PC --- [           main] s.w.s.m.m.a.RequestMappingHandlerMapping : Mapped "{[/filestore/ballistic/appsport.com/ping],methods=[GET]}" onto public java.lang.String com.ballistic.fserver.rest.FileRestController.pingPong()
2018-12-20 09:59:11.864  INFO Nabeel-PC --- [           main] s.w.s.m.m.a.RequestMappingHandlerMapping : Mapped "{[/filestore/{bucket-id}/appsport.com/{folder}],methods=[POST]}" onto public java.lang.String com.ballistic.fserver.rest.FileRestController.uploadMultiFiles(javax.servlet.http.HttpServletRequest)
2018-12-20 09:59:11.865  INFO Nabeel-PC --- [           main] s.w.s.m.m.a.RequestMappingHandlerMapping : Mapped "{[/filestore/ballistic/appsport.com/createDownloadUrl],methods=[GET]}" onto public java.lang.String com.ballistic.fserver.rest.BucketRestController.createDownloadUrlForBucket()
2018-12-20 09:59:11.871  INFO Nabeel-PC --- [           main] s.w.s.m.m.a.RequestMappingHandlerMapping : Mapped "{[/filestore/ballistic/appsport.com/createBucket],methods=[POST]}" onto public java.lang.String com.ballistic.fserver.rest.BucketRestController.createBucket(java.lang.String)
2018-12-20 09:59:11.874  INFO Nabeel-PC --- [           main] s.w.s.m.m.a.RequestMappingHandlerMapping : Mapped "{[/filestore/ballistic/appsport.com/deleteBucket],methods=[DELETE]}" onto public java.lang.String com.ballistic.fserver.rest.BucketRestController.deleteBucket(java.lang.String)
2018-12-20 09:59:11.875  INFO Nabeel-PC --- [           main] s.w.s.m.m.a.RequestMappingHandlerMapping : Mapped "{[/filestore/ballistic/appsport.com/updateBucket],methods=[PUT]}" onto public java.lang.String com.ballistic.fserver.rest.BucketRestController.updateBucket(java.lang.String)
2018-12-20 09:59:11.890  INFO Nabeel-PC --- [           main] s.w.s.m.m.a.RequestMappingHandlerMapping : Mapped "{[/error]}" onto public org.springframework.http.ResponseEntity<java.util.Map<java.lang.String, java.lang.Object>> org.springframework.boot.autoconfigure.web.servlet.error.BasicErrorController.error(javax.servlet.http.HttpServletRequest)
2018-12-20 09:59:11.891  INFO Nabeel-PC --- [           main] s.w.s.m.m.a.RequestMappingHandlerMapping : Mapped "{[/error],produces=[text/html]}" onto public org.springframework.web.servlet.ModelAndView org.springframework.boot.autoconfigure.web.servlet.error.BasicErrorController.errorHtml(javax.servlet.http.HttpServletRequest,javax.servlet.http.HttpServletResponse)
2018-12-20 09:59:11.973  INFO Nabeel-PC --- [           main] o.s.w.s.h.SimpleUrlHandlerMapping        : Mapped URL path [/webjars/**] onto handler of type [class org.springframework.web.servlet.resource.ResourceHttpRequestHandler]
2018-12-20 09:59:11.973  INFO Nabeel-PC --- [           main] o.s.w.s.h.SimpleUrlHandlerMapping        : Mapped URL path [/**] onto handler of type [class org.springframework.web.servlet.resource.ResourceHttpRequestHandler]
2018-12-20 09:59:12.884  INFO Nabeel-PC --- [           main] o.s.j.e.a.AnnotationMBeanExporter        : Registering beans for JMX exposure on startup
2018-12-20 09:59:12.914  INFO Nabeel-PC --- [           main] o.a.c.h.Http11NioProtocol                : Starting ProtocolHandler ["http-nio-9191"]
2018-12-20 09:59:12.944  INFO Nabeel-PC --- [           main] o.a.t.u.n.NioSelectorPool                : Using a shared selector for servlet write/read
2018-12-20 09:59:12.994  INFO Nabeel-PC --- [           main] o.s.b.w.e.t.TomcatWebServer              : Tomcat started on port(s): 9191 (http) with context path '/api'
2018-12-20 09:59:13.004  INFO Nabeel-PC --- [           main] c.b.f.FserverApplication                 : Started FserverApplication in 17.994 seconds (JVM running for 19.601)
2018-12-20 10:04:11.706  INFO Nabeel-PC --- [nio-9191-exec-1] o.a.c.c.C.[.[.[/api]                     : Initializing Spring FrameworkServlet 'dispatcherServlet'
2018-12-20 10:04:11.708  INFO Nabeel-PC --- [nio-9191-exec-1] o.s.w.s.DispatcherServlet                : FrameworkServlet 'dispatcherServlet': initialization started
2018-12-20 10:04:11.757  INFO Nabeel-PC --- [nio-9191-exec-1] o.s.w.s.DispatcherServlet                : FrameworkServlet 'dispatcherServlet': initialization completed in 49 ms
